time,user,fileID
1622482496,m4lwhere,4
1622485614,m4lwhere,4
1622486215,m4lwhere,4
1622486218,m4lwhere,1
1622486221,m4lwhere,1
1622678056,m4lwhere,5
1622678059,m4lwhere,6
1622679247,m4lwhere,1
1622680894,m4lwhere,5
1622708567,m4lwhere,4
1622708573,m4lwhere,4
1622708579,m4lwhere,5
1622710159,m4lwhere,4
1622712633,m4lwhere,4
1622715674,m4lwhere,24
1622715842,m4lwhere,23
1623197471,m4lwhere,25
1623200269,m4lwhere,25
1623236411,m4lwhere,23
1623236571,m4lwhere,26
1623238675,m4lwhere,23
1623238684,m4lwhere,23
1623978778,m4lwhere,32
1628427895,Kesaya,32
1628429978,Kesaya,33
1628430118,Kesaya,33
1628430123,Kesaya,4
1628430143,Kesaya,1
1628430148,Kesaya,5
1628430153,Kesaya,6
1628430159,Kesaya,24
1628430163,Kesaya,23
1628430189,Kesaya,23
1628430193,Kesaya,24
1628430196,Kesaya,25
1628430200,Kesaya,26
1628430208,Kesaya,32
1628430213,Kesaya,33
1628498396,c1sc0,32
